Compiling the C compiler identification source file "CMakeCCompilerId.c" failed.
Compiler: /usr/local/bin/arm-none-eabi-gcc 
Build flags: 
Id flags:  

The output was:
1
/Applications/ARM/bin/../lib/gcc/arm-none-eabi/11.2.1/../../../../arm-none-eabi/bin/ld: /Applications/ARM/bin/../lib/gcc/arm-none-eabi/11.2.1/../../../../arm-none-eabi/lib/libc.a(lib_a-exit.o): in function `exit':
/Volumes/data/jenkins/workspace/GNU-toolchain/arm-11/src/newlib-cygwin/newlib/libc/stdlib/exit.c:64: undefined reference to `_exit'
collect2: error: ld returned 1 exit status


Compiling the CXX compiler identification source file "CMakeCXXCompilerId.cpp" failed.
Compiler: /usr/local/bin/arm-none-eabi-g++ 
Build flags: 
Id flags:  

The output was:
1
/Applications/ARM/bin/../lib/gcc/arm-none-eabi/11.2.1/../../../../arm-none-eabi/bin/ld: /Applications/ARM/bin/../lib/gcc/arm-none-eabi/11.2.1/../../../../arm-none-eabi/lib/libc.a(lib_a-exit.o): in function `exit':
/Volumes/data/jenkins/workspace/GNU-toolchain/arm-11/src/newlib-cygwin/newlib/libc/stdlib/exit.c:64: undefined reference to `_exit'
collect2: error: ld returned 1 exit status


Detecting C compiler ABI info failed to compile with the following output:
Change Dir: /Users/mybayswang/temp/EK-LM4F120XL/SW-EK-LM4F120XL-9453/boards/ek-lm4f120xl-new/uart_print1/build/CMakeFiles/CMakeTmp

Run Build Command(s):/usr/bin/make -f Makefile cmTC_a358f/fast && /Library/Developer/CommandLineTools/usr/bin/make  -f CMakeFiles/cmTC_a358f.dir/build.make CMakeFiles/cmTC_a358f.dir/build
Building C object CMakeFiles/cmTC_a358f.dir/CMakeCCompilerABI.c.obj
/usr/local/bin/arm-none-eabi-gcc   -v -o CMakeFiles/cmTC_a358f.dir/CMakeCCompilerABI.c.obj -c /usr/local/Cellar/cmake/3.23.2/share/cmake/Modules/CMakeCCompilerABI.c
Using built-in specs.
COLLECT_GCC=/usr/local/bin/arm-none-eabi-gcc
Target: arm-none-eabi
Configured with: /Volumes/data/jenkins/workspace/GNU-toolchain/arm-11/src/gcc/configure --target=arm-none-eabi --prefix=/Volumes/data/jenkins/workspace/GNU-toolchain/arm-11/build-arm-none-eabi/install// --with-gmp=/Volumes/data/jenkins/workspace/GNU-toolchain/arm-11/build-arm-none-eabi/host-tools --with-mpfr=/Volumes/data/jenkins/workspace/GNU-toolchain/arm-11/build-arm-none-eabi/host-tools --with-mpc=/Volumes/data/jenkins/workspace/GNU-toolchain/arm-11/build-arm-none-eabi/host-tools --with-isl=/Volumes/data/jenkins/workspace/GNU-toolchain/arm-11/build-arm-none-eabi/host-tools --disable-shared --disable-nls --disable-threads --disable-tls --enable-checking=release --enable-languages=c,c++,fortran --with-newlib --with-multilib-list=aprofile,rmprofile --with-pkgversion='GNU Toolchain for the Arm Architecture 11.2-2022.02 (arm-11.14)' --with-bugurl=https://bugs.linaro.org/
Thread model: single
Supported LTO compression algorithms: zlib
gcc version 11.2.1 20220111 (GNU Toolchain for the Arm Architecture 11.2-2022.02 (arm-11.14)) 
COLLECT_GCC_OPTIONS='-v' '-o' 'CMakeFiles/cmTC_a358f.dir/CMakeCCompilerABI.c.obj' '-c' '-mcpu=arm7tdmi' '-mfloat-abi=soft' '-marm' '-mlibarch=armv4t' '-march=armv4t' '-dumpdir' 'CMakeFiles/cmTC_a358f.dir/'
 /Applications/ARM/bin/../libexec/gcc/arm-none-eabi/11.2.1/cc1 -quiet -v -iprefix /Applications/ARM/bin/../lib/gcc/arm-none-eabi/11.2.1/ -D__USES_INITFINI__ /usr/local/Cellar/cmake/3.23.2/share/cmake/Modules/CMakeCCompilerABI.c -quiet -dumpdir CMakeFiles/cmTC_a358f.dir/ -dumpbase CMakeCCompilerABI.c.c -dumpbase-ext .c -mcpu=arm7tdmi -mfloat-abi=soft -marm -mlibarch=armv4t -march=armv4t -version -o /var/folders/9p/zchvw0jn6g34lbnv_bsjkqfw0000gn/T//ccDXoN0I.s
GNU C17 (GNU Toolchain for the Arm Architecture 11.2-2022.02 (arm-11.14)) version 11.2.1 20220111 (arm-none-eabi)
	compiled by GNU C version Apple LLVM 12.0.0 (clang-1200.0.32.29), GMP version 6.2.1, MPFR version 3.1.6, MPC version 1.0.3, isl version isl-0.15-1-g835ea3a-GMP

GGC heuristics: --param ggc-min-expand=100 --param ggc-min-heapsize=131072
ignoring nonexistent directory "/Applications/ARM/bin/../lib/gcc/arm-none-eabi/11.2.1/../../../../arm-none-eabi/sys-include"
ignoring duplicate directory "/Applications/ARM/bin/../lib/gcc/../../lib/gcc/arm-none-eabi/11.2.1/include"
ignoring duplicate directory "/Applications/ARM/bin/../lib/gcc/../../lib/gcc/arm-none-eabi/11.2.1/include-fixed"
ignoring nonexistent directory "/Applications/ARM/bin/../lib/gcc/../../lib/gcc/arm-none-eabi/11.2.1/../../../../arm-none-eabi/sys-include"
ignoring duplicate directory "/Applications/ARM/bin/../lib/gcc/../../lib/gcc/arm-none-eabi/11.2.1/../../../../arm-none-eabi/include"
#include "..." search starts here:
#include <...> search starts here:
 /Applications/ARM/bin/../lib/gcc/arm-none-eabi/11.2.1/include
 /Applications/ARM/bin/../lib/gcc/arm-none-eabi/11.2.1/include-fixed
 /Applications/ARM/bin/../lib/gcc/arm-none-eabi/11.2.1/../../../../arm-none-eabi/include
End of search list.
GNU C17 (GNU Toolchain for the Arm Architecture 11.2-2022.02 (arm-11.14)) version 11.2.1 20220111 (arm-none-eabi)
	compiled by GNU C version Apple LLVM 12.0.0 (clang-1200.0.32.29), GMP version 6.2.1, MPFR version 3.1.6, MPC version 1.0.3, isl version isl-0.15-1-g835ea3a-GMP

GGC heuristics: --param ggc-min-expand=100 --param ggc-min-heapsize=131072
Compiler executable checksum: 9793fdcd08f847467e0d73fe57e6e952
COLLECT_GCC_OPTIONS='-v' '-o' 'CMakeFiles/cmTC_a358f.dir/CMakeCCompilerABI.c.obj' '-c' '-mcpu=arm7tdmi' '-mfloat-abi=soft' '-marm' '-mlibarch=armv4t' '-march=armv4t' '-dumpdir' 'CMakeFiles/cmTC_a358f.dir/'
 /Applications/ARM/bin/../lib/gcc/arm-none-eabi/11.2.1/../../../../arm-none-eabi/bin/as -march=armv4t -mfloat-abi=soft -meabi=5 -o CMakeFiles/cmTC_a358f.dir/CMakeCCompilerABI.c.obj /var/folders/9p/zchvw0jn6g34lbnv_bsjkqfw0000gn/T//ccDXoN0I.s
COMPILER_PATH=/Applications/ARM/bin/../libexec/gcc/arm-none-eabi/11.2.1/:/Applications/ARM/bin/../libexec/gcc/:/Applications/ARM/bin/../lib/gcc/arm-none-eabi/11.2.1/../../../../arm-none-eabi/bin/
LIBRARY_PATH=/Applications/ARM/bin/../lib/gcc/arm-none-eabi/11.2.1/:/Applications/ARM/bin/../lib/gcc/:/Applications/ARM/bin/../lib/gcc/arm-none-eabi/11.2.1/../../../../arm-none-eabi/lib/
COLLECT_GCC_OPTIONS='-v' '-o' 'CMakeFiles/cmTC_a358f.dir/CMakeCCompilerABI.c.obj' '-c' '-mcpu=arm7tdmi' '-mfloat-abi=soft' '-marm' '-mlibarch=armv4t' '-march=armv4t' '-dumpdir' 'CMakeFiles/cmTC_a358f.dir/CMakeCCompilerABI.c.'
Linking C executable cmTC_a358f
/usr/local/Cellar/cmake/3.23.2/bin/cmake -E cmake_link_script CMakeFiles/cmTC_a358f.dir/link.txt --verbose=1
/usr/local/bin/arm-none-eabi-gcc  -v CMakeFiles/cmTC_a358f.dir/CMakeCCompilerABI.c.obj -o cmTC_a358f 
Using built-in specs.
COLLECT_GCC=/usr/local/bin/arm-none-eabi-gcc
COLLECT_LTO_WRAPPER=/Applications/ARM/bin/../libexec/gcc/arm-none-eabi/11.2.1/lto-wrapper
Target: arm-none-eabi
Configured with: /Volumes/data/jenkins/workspace/GNU-toolchain/arm-11/src/gcc/configure --target=arm-none-eabi --prefix=/Volumes/data/jenkins/workspace/GNU-toolchain/arm-11/build-arm-none-eabi/install// --with-gmp=/Volumes/data/jenkins/workspace/GNU-toolchain/arm-11/build-arm-none-eabi/host-tools --with-mpfr=/Volumes/data/jenkins/workspace/GNU-toolchain/arm-11/build-arm-none-eabi/host-tools --with-mpc=/Volumes/data/jenkins/workspace/GNU-toolchain/arm-11/build-arm-none-eabi/host-tools --with-isl=/Volumes/data/jenkins/workspace/GNU-toolchain/arm-11/build-arm-none-eabi/host-tools --disable-shared --disable-nls --disable-threads --disable-tls --enable-checking=release --enable-languages=c,c++,fortran --with-newlib --with-multilib-list=aprofile,rmprofile --with-pkgversion='GNU Toolchain for the Arm Architecture 11.2-2022.02 (arm-11.14)' --with-bugurl=https://bugs.linaro.org/
Thread model: single
Supported LTO compression algorithms: zlib
gcc version 11.2.1 20220111 (GNU Toolchain for the Arm Architecture 11.2-2022.02 (arm-11.14)) 
COMPILER_PATH=/Applications/ARM/bin/../libexec/gcc/arm-none-eabi/11.2.1/:/Applications/ARM/bin/../libexec/gcc/:/Applications/ARM/bin/../lib/gcc/arm-none-eabi/11.2.1/../../../../arm-none-eabi/bin/
LIBRARY_PATH=/Applications/ARM/bin/../lib/gcc/arm-none-eabi/11.2.1/:/Applications/ARM/bin/../lib/gcc/:/Applications/ARM/bin/../lib/gcc/arm-none-eabi/11.2.1/../../../../arm-none-eabi/lib/
COLLECT_GCC_OPTIONS='-v' '-o' 'cmTC_a358f' '-mcpu=arm7tdmi' '-mfloat-abi=soft' '-marm' '-mlibarch=armv4t' '-march=armv4t' '-dumpdir' 'cmTC_a358f.'
 /Applications/ARM/bin/../libexec/gcc/arm-none-eabi/11.2.1/collect2 -plugin /Applications/ARM/bin/../libexec/gcc/arm-none-eabi/11.2.1/liblto_plugin.so -plugin-opt=/Applications/ARM/bin/../libexec/gcc/arm-none-eabi/11.2.1/lto-wrapper -plugin-opt=-fresolution=/var/folders/9p/zchvw0jn6g34lbnv_bsjkqfw0000gn/T//cc7Hqe3p.res -plugin-opt=-pass-through=-lgcc -plugin-opt=-pass-through=-lc -X -o cmTC_a358f /Applications/ARM/bin/../lib/gcc/arm-none-eabi/11.2.1/crti.o /Applications/ARM/bin/../lib/gcc/arm-none-eabi/11.2.1/crtbegin.o /Applications/ARM/bin/../lib/gcc/arm-none-eabi/11.2.1/../../../../arm-none-eabi/lib/crt0.o -L/Applications/ARM/bin/../lib/gcc/arm-none-eabi/11.2.1 -L/Applications/ARM/bin/../lib/gcc -L/Applications/ARM/bin/../lib/gcc/arm-none-eabi/11.2.1/../../../../arm-none-eabi/lib CMakeFiles/cmTC_a358f.dir/CMakeCCompilerABI.c.obj --start-group -lgcc -lc --end-group /Applications/ARM/bin/../lib/gcc/arm-none-eabi/11.2.1/crtend.o /Applications/ARM/bin/../lib/gcc/arm-none-eabi/11.2.1/crtn.o
/Applications/ARM/bin/../lib/gcc/arm-none-eabi/11.2.1/../../../../arm-none-eabi/bin/ld: /Applications/ARM/bin/../lib/gcc/arm-none-eabi/11.2.1/../../../../arm-none-eabi/lib/libc.a(lib_a-exit.o): in function `exit':
/Volumes/data/jenkins/workspace/GNU-toolchain/arm-11/src/newlib-cygwin/newlib/libc/stdlib/exit.c:64: undefined reference to `_exit'
collect2: error: ld returned 1 exit status
make[1]: *** [cmTC_a358f] Error 1
make: *** [cmTC_a358f/fast] Error 2




Detecting CXX compiler ABI info failed to compile with the following output:
Change Dir: /Users/mybayswang/temp/EK-LM4F120XL/SW-EK-LM4F120XL-9453/boards/ek-lm4f120xl-new/uart_print1/build/CMakeFiles/CMakeTmp

Run Build Command(s):/usr/bin/make -f Makefile cmTC_b679d/fast && /Library/Developer/CommandLineTools/usr/bin/make  -f CMakeFiles/cmTC_b679d.dir/build.make CMakeFiles/cmTC_b679d.dir/build
Building CXX object CMakeFiles/cmTC_b679d.dir/CMakeCXXCompilerABI.cpp.obj
/usr/local/bin/arm-none-eabi-g++   -v -o CMakeFiles/cmTC_b679d.dir/CMakeCXXCompilerABI.cpp.obj -c /usr/local/Cellar/cmake/3.23.2/share/cmake/Modules/CMakeCXXCompilerABI.cpp
Using built-in specs.
COLLECT_GCC=/usr/local/bin/arm-none-eabi-g++
Target: arm-none-eabi
Configured with: /Volumes/data/jenkins/workspace/GNU-toolchain/arm-11/src/gcc/configure --target=arm-none-eabi --prefix=/Volumes/data/jenkins/workspace/GNU-toolchain/arm-11/build-arm-none-eabi/install// --with-gmp=/Volumes/data/jenkins/workspace/GNU-toolchain/arm-11/build-arm-none-eabi/host-tools --with-mpfr=/Volumes/data/jenkins/workspace/GNU-toolchain/arm-11/build-arm-none-eabi/host-tools --with-mpc=/Volumes/data/jenkins/workspace/GNU-toolchain/arm-11/build-arm-none-eabi/host-tools --with-isl=/Volumes/data/jenkins/workspace/GNU-toolchain/arm-11/build-arm-none-eabi/host-tools --disable-shared --disable-nls --disable-threads --disable-tls --enable-checking=release --enable-languages=c,c++,fortran --with-newlib --with-multilib-list=aprofile,rmprofile --with-pkgversion='GNU Toolchain for the Arm Architecture 11.2-2022.02 (arm-11.14)' --with-bugurl=https://bugs.linaro.org/
Thread model: single
Supported LTO compression algorithms: zlib
gcc version 11.2.1 20220111 (GNU Toolchain for the Arm Architecture 11.2-2022.02 (arm-11.14)) 
COLLECT_GCC_OPTIONS='-v' '-o' 'CMakeFiles/cmTC_b679d.dir/CMakeCXXCompilerABI.cpp.obj' '-c' '-mcpu=arm7tdmi' '-mfloat-abi=soft' '-marm' '-mlibarch=armv4t' '-march=armv4t' '-dumpdir' 'CMakeFiles/cmTC_b679d.dir/'
 /Applications/ARM/bin/../libexec/gcc/arm-none-eabi/11.2.1/cc1plus -quiet -v -iprefix /Applications/ARM/bin/../lib/gcc/arm-none-eabi/11.2.1/ -D__USES_INITFINI__ /usr/local/Cellar/cmake/3.23.2/share/cmake/Modules/CMakeCXXCompilerABI.cpp -quiet -dumpdir CMakeFiles/cmTC_b679d.dir/ -dumpbase CMakeCXXCompilerABI.cpp.cpp -dumpbase-ext .cpp -mcpu=arm7tdmi -mfloat-abi=soft -marm -mlibarch=armv4t -march=armv4t -version -o /var/folders/9p/zchvw0jn6g34lbnv_bsjkqfw0000gn/T//ccxAsz4N.s
GNU C++17 (GNU Toolchain for the Arm Architecture 11.2-2022.02 (arm-11.14)) version 11.2.1 20220111 (arm-none-eabi)
	compiled by GNU C version Apple LLVM 12.0.0 (clang-1200.0.32.29), GMP version 6.2.1, MPFR version 3.1.6, MPC version 1.0.3, isl version isl-0.15-1-g835ea3a-GMP

GGC heuristics: --param ggc-min-expand=100 --param ggc-min-heapsize=131072
ignoring nonexistent directory "/Applications/ARM/bin/../lib/gcc/arm-none-eabi/11.2.1/../../../../arm-none-eabi/sys-include"
ignoring duplicate directory "/Applications/ARM/bin/../lib/gcc/../../lib/gcc/arm-none-eabi/11.2.1/../../../../arm-none-eabi/include/c++/11.2.1"
ignoring duplicate directory "/Applications/ARM/bin/../lib/gcc/../../lib/gcc/arm-none-eabi/11.2.1/../../../../arm-none-eabi/include/c++/11.2.1/arm-none-eabi"
ignoring duplicate directory "/Applications/ARM/bin/../lib/gcc/../../lib/gcc/arm-none-eabi/11.2.1/../../../../arm-none-eabi/include/c++/11.2.1/backward"
ignoring duplicate directory "/Applications/ARM/bin/../lib/gcc/../../lib/gcc/arm-none-eabi/11.2.1/include"
ignoring duplicate directory "/Applications/ARM/bin/../lib/gcc/../../lib/gcc/arm-none-eabi/11.2.1/include-fixed"
ignoring nonexistent directory "/Applications/ARM/bin/../lib/gcc/../../lib/gcc/arm-none-eabi/11.2.1/../../../../arm-none-eabi/sys-include"
ignoring duplicate directory "/Applications/ARM/bin/../lib/gcc/../../lib/gcc/arm-none-eabi/11.2.1/../../../../arm-none-eabi/include"
#include "..." search starts here:
#include <...> search starts here:
 /Applications/ARM/bin/../lib/gcc/arm-none-eabi/11.2.1/../../../../arm-none-eabi/include/c++/11.2.1
 /Applications/ARM/bin/../lib/gcc/arm-none-eabi/11.2.1/../../../../arm-none-eabi/include/c++/11.2.1/arm-none-eabi
 /Applications/ARM/bin/../lib/gcc/arm-none-eabi/11.2.1/../../../../arm-none-eabi/include/c++/11.2.1/backward
 /Applications/ARM/bin/../lib/gcc/arm-none-eabi/11.2.1/include
 /Applications/ARM/bin/../lib/gcc/arm-none-eabi/11.2.1/include-fixed
 /Applications/ARM/bin/../lib/gcc/arm-none-eabi/11.2.1/../../../../arm-none-eabi/include
End of search list.
GNU C++17 (GNU Toolchain for the Arm Architecture 11.2-2022.02 (arm-11.14)) version 11.2.1 20220111 (arm-none-eabi)
	compiled by GNU C version Apple LLVM 12.0.0 (clang-1200.0.32.29), GMP version 6.2.1, MPFR version 3.1.6, MPC version 1.0.3, isl version isl-0.15-1-g835ea3a-GMP

GGC heuristics: --param ggc-min-expand=100 --param ggc-min-heapsize=131072
Compiler executable checksum: 43b9fbde47611924e33760feb00a1f22
COLLECT_GCC_OPTIONS='-v' '-o' 'CMakeFiles/cmTC_b679d.dir/CMakeCXXCompilerABI.cpp.obj' '-c' '-mcpu=arm7tdmi' '-mfloat-abi=soft' '-marm' '-mlibarch=armv4t' '-march=armv4t' '-dumpdir' 'CMakeFiles/cmTC_b679d.dir/'
 /Applications/ARM/bin/../lib/gcc/arm-none-eabi/11.2.1/../../../../arm-none-eabi/bin/as -march=armv4t -mfloat-abi=soft -meabi=5 -o CMakeFiles/cmTC_b679d.dir/CMakeCXXCompilerABI.cpp.obj /var/folders/9p/zchvw0jn6g34lbnv_bsjkqfw0000gn/T//ccxAsz4N.s
COMPILER_PATH=/Applications/ARM/bin/../libexec/gcc/arm-none-eabi/11.2.1/:/Applications/ARM/bin/../libexec/gcc/:/Applications/ARM/bin/../lib/gcc/arm-none-eabi/11.2.1/../../../../arm-none-eabi/bin/
LIBRARY_PATH=/Applications/ARM/bin/../lib/gcc/arm-none-eabi/11.2.1/:/Applications/ARM/bin/../lib/gcc/:/Applications/ARM/bin/../lib/gcc/arm-none-eabi/11.2.1/../../../../arm-none-eabi/lib/
COLLECT_GCC_OPTIONS='-v' '-o' 'CMakeFiles/cmTC_b679d.dir/CMakeCXXCompilerABI.cpp.obj' '-c' '-mcpu=arm7tdmi' '-mfloat-abi=soft' '-marm' '-mlibarch=armv4t' '-march=armv4t' '-dumpdir' 'CMakeFiles/cmTC_b679d.dir/CMakeCXXCompilerABI.cpp.'
Linking CXX executable cmTC_b679d
/usr/local/Cellar/cmake/3.23.2/bin/cmake -E cmake_link_script CMakeFiles/cmTC_b679d.dir/link.txt --verbose=1
/usr/local/bin/arm-none-eabi-g++  -v CMakeFiles/cmTC_b679d.dir/CMakeCXXCompilerABI.cpp.obj -o cmTC_b679d 
Using built-in specs.
COLLECT_GCC=/usr/local/bin/arm-none-eabi-g++
COLLECT_LTO_WRAPPER=/Applications/ARM/bin/../libexec/gcc/arm-none-eabi/11.2.1/lto-wrapper
Target: arm-none-eabi
Configured with: /Volumes/data/jenkins/workspace/GNU-toolchain/arm-11/src/gcc/configure --target=arm-none-eabi --prefix=/Volumes/data/jenkins/workspace/GNU-toolchain/arm-11/build-arm-none-eabi/install// --with-gmp=/Volumes/data/jenkins/workspace/GNU-toolchain/arm-11/build-arm-none-eabi/host-tools --with-mpfr=/Volumes/data/jenkins/workspace/GNU-toolchain/arm-11/build-arm-none-eabi/host-tools --with-mpc=/Volumes/data/jenkins/workspace/GNU-toolchain/arm-11/build-arm-none-eabi/host-tools --with-isl=/Volumes/data/jenkins/workspace/GNU-toolchain/arm-11/build-arm-none-eabi/host-tools --disable-shared --disable-nls --disable-threads --disable-tls --enable-checking=release --enable-languages=c,c++,fortran --with-newlib --with-multilib-list=aprofile,rmprofile --with-pkgversion='GNU Toolchain for the Arm Architecture 11.2-2022.02 (arm-11.14)' --with-bugurl=https://bugs.linaro.org/
Thread model: single
Supported LTO compression algorithms: zlib
gcc version 11.2.1 20220111 (GNU Toolchain for the Arm Architecture 11.2-2022.02 (arm-11.14)) 
COMPILER_PATH=/Applications/ARM/bin/../libexec/gcc/arm-none-eabi/11.2.1/:/Applications/ARM/bin/../libexec/gcc/:/Applications/ARM/bin/../lib/gcc/arm-none-eabi/11.2.1/../../../../arm-none-eabi/bin/
LIBRARY_PATH=/Applications/ARM/bin/../lib/gcc/arm-none-eabi/11.2.1/:/Applications/ARM/bin/../lib/gcc/:/Applications/ARM/bin/../lib/gcc/arm-none-eabi/11.2.1/../../../../arm-none-eabi/lib/
COLLECT_GCC_OPTIONS='-v' '-o' 'cmTC_b679d' '-mcpu=arm7tdmi' '-mfloat-abi=soft' '-marm' '-mlibarch=armv4t' '-march=armv4t' '-dumpdir' 'cmTC_b679d.'
 /Applications/ARM/bin/../libexec/gcc/arm-none-eabi/11.2.1/collect2 -plugin /Applications/ARM/bin/../libexec/gcc/arm-none-eabi/11.2.1/liblto_plugin.so -plugin-opt=/Applications/ARM/bin/../libexec/gcc/arm-none-eabi/11.2.1/lto-wrapper -plugin-opt=-fresolution=/var/folders/9p/zchvw0jn6g34lbnv_bsjkqfw0000gn/T//ccUJynOk.res -plugin-opt=-pass-through=-lgcc -plugin-opt=-pass-through=-lc -X -o cmTC_b679d /Applications/ARM/bin/../lib/gcc/arm-none-eabi/11.2.1/crti.o /Applications/ARM/bin/../lib/gcc/arm-none-eabi/11.2.1/crtbegin.o /Applications/ARM/bin/../lib/gcc/arm-none-eabi/11.2.1/../../../../arm-none-eabi/lib/crt0.o -L/Applications/ARM/bin/../lib/gcc/arm-none-eabi/11.2.1 -L/Applications/ARM/bin/../lib/gcc -L/Applications/ARM/bin/../lib/gcc/arm-none-eabi/11.2.1/../../../../arm-none-eabi/lib CMakeFiles/cmTC_b679d.dir/CMakeCXXCompilerABI.cpp.obj -lstdc++ -lm --start-group -lgcc -lc --end-group /Applications/ARM/bin/../lib/gcc/arm-none-eabi/11.2.1/crtend.o /Applications/ARM/bin/../lib/gcc/arm-none-eabi/11.2.1/crtn.o
/Applications/ARM/bin/../lib/gcc/arm-none-eabi/11.2.1/../../../../arm-none-eabi/bin/ld: /Applications/ARM/bin/../lib/gcc/arm-none-eabi/11.2.1/../../../../arm-none-eabi/lib/libc.a(lib_a-exit.o): in function `exit':
/Volumes/data/jenkins/workspace/GNU-toolchain/arm-11/src/newlib-cygwin/newlib/libc/stdlib/exit.c:64: undefined reference to `_exit'
collect2: error: ld returned 1 exit status
make[1]: *** [cmTC_b679d] Error 1
make: *** [cmTC_b679d/fast] Error 2




